2019-01-15 17:13:31.313  INFO 7984 --- [main] io.renren.RenrenApplication              : Starting RenrenApplication on SKY-20180909MAX with PID 7984 (started by Administrator in D:\同城酒窖\wineCellar\wine-cellar)
2019-01-15 17:13:31.319 DEBUG 7984 --- [main] io.renren.RenrenApplication              : Running with Spring Boot v2.0.3.RELEASE, Spring v5.0.7.RELEASE
2019-01-15 17:13:31.320  INFO 7984 --- [main] io.renren.RenrenApplication              : The following profiles are active: dev
2019-01-15 17:13:31.365  INFO 7984 --- [main] ConfigServletWebServerApplicationContext : Refreshing org.springframework.boot.web.servlet.context.AnnotationConfigServletWebServerApplicationContext@732c2a62: startup date [Tue Jan 15 17:13:31 CST 2019]; root of context hierarchy
2019-01-15 17:13:32.655  INFO 7984 --- [main] .s.d.r.c.RepositoryConfigurationDelegate : Multiple Spring Data modules found, entering strict repository configuration mode!
2019-01-15 17:13:33.011  INFO 7984 --- [main] trationDelegate$BeanPostProcessorChecker : Bean 'shiroConfig' of type [io.renren.config.ShiroConfig$$EnhancerBySpringCGLIB$$7b6f0a77] is not eligible for getting processed by all BeanPostProcessors (for example: not eligible for auto-proxying)
2019-01-15 17:13:33.116  INFO 7984 --- [main] trationDelegate$BeanPostProcessorChecker : Bean 'org.springframework.boot.context.properties.ConversionServiceDeducer$Factory' of type [org.springframework.boot.context.properties.ConversionServiceDeducer$Factory] is not eligible for getting processed by all BeanPostProcessors (for example: not eligible for auto-proxying)
2019-01-15 17:13:33.230  INFO 7984 --- [main] trationDelegate$BeanPostProcessorChecker : Bean 'mybatis-plus-com.baomidou.mybatisplus.spring.boot.starter.MybatisPlusProperties' of type [com.baomidou.mybatisplus.spring.boot.starter.MybatisPlusProperties] is not eligible for getting processed by all BeanPostProcessors (for example: not eligible for auto-proxying)
2019-01-15 17:13:33.237  INFO 7984 --- [main] trationDelegate$BeanPostProcessorChecker : Bean 'mybatisPlusConfig' of type [io.renren.config.MybatisPlusConfig$$EnhancerBySpringCGLIB$$de9b1193] is not eligible for getting processed by all BeanPostProcessors (for example: not eligible for auto-proxying)
2019-01-15 17:13:33.250  INFO 7984 --- [main] trationDelegate$BeanPostProcessorChecker : Bean 'paginationInterceptor' of type [com.baomidou.mybatisplus.plugins.PaginationInterceptor] is not eligible for getting processed by all BeanPostProcessors (for example: not eligible for auto-proxying)
2019-01-15 17:13:33.259  INFO 7984 --- [main] trationDelegate$BeanPostProcessorChecker : Bean 'com.baomidou.mybatisplus.spring.boot.starter.MybatisPlusAutoConfiguration' of type [com.baomidou.mybatisplus.spring.boot.starter.MybatisPlusAutoConfiguration$$EnhancerBySpringCGLIB$$65930d42] is not eligible for getting processed by all BeanPostProcessors (for example: not eligible for auto-proxying)
2019-01-15 17:13:33.264  INFO 7984 --- [main] trationDelegate$BeanPostProcessorChecker : Bean 'dynamicDataSourceConfig' of type [io.renren.datasources.DynamicDataSourceConfig$$EnhancerBySpringCGLIB$$dfd50c6a] is not eligible for getting processed by all BeanPostProcessors (for example: not eligible for auto-proxying)
2019-01-15 17:13:33.333  INFO 7984 --- [main] trationDelegate$BeanPostProcessorChecker : Bean 'spring.datasource-org.springframework.boot.autoconfigure.jdbc.DataSourceProperties' of type [org.springframework.boot.autoconfigure.jdbc.DataSourceProperties] is not eligible for getting processed by all BeanPostProcessors (for example: not eligible for auto-proxying)
2019-01-15 17:13:33.338  INFO 7984 --- [main] trationDelegate$BeanPostProcessorChecker : Bean 'com.alibaba.druid.spring.boot.autoconfigure.stat.DruidFilterConfiguration' of type [com.alibaba.druid.spring.boot.autoconfigure.stat.DruidFilterConfiguration] is not eligible for getting processed by all BeanPostProcessors (for example: not eligible for auto-proxying)
2019-01-15 17:13:33.382  INFO 7984 --- [main] trationDelegate$BeanPostProcessorChecker : Bean 'statFilter' of type [com.alibaba.druid.filter.stat.StatFilter] is not eligible for getting processed by all BeanPostProcessors (for example: not eligible for auto-proxying)
2019-01-15 17:13:33.424  INFO 7984 --- [main] trationDelegate$BeanPostProcessorChecker : Bean 'firstDataSource' of type [com.alibaba.druid.spring.boot.autoconfigure.DruidDataSourceWrapper] is not eligible for getting processed by all BeanPostProcessors (for example: not eligible for auto-proxying)
2019-01-15 17:13:33.460  INFO 7984 --- [main] trationDelegate$BeanPostProcessorChecker : Bean 'secondDataSource' of type [com.alibaba.druid.spring.boot.autoconfigure.DruidDataSourceWrapper] is not eligible for getting processed by all BeanPostProcessors (for example: not eligible for auto-proxying)
2019-01-15 17:13:33.468  INFO 7984 --- [main] trationDelegate$BeanPostProcessorChecker : Bean 'dataSource' of type [io.renren.datasources.DynamicDataSource] is not eligible for getting processed by all BeanPostProcessors (for example: not eligible for auto-proxying)
2019-01-15 17:13:33.531  INFO 7984 --- [main] com.alibaba.druid.pool.DruidDataSource   : {dataSource-1} inited
2019-01-15 17:13:34.526  INFO 7984 --- [main] trationDelegate$BeanPostProcessorChecker : Bean 'sqlSessionFactory' of type [org.apache.ibatis.session.defaults.DefaultSqlSessionFactory] is not eligible for getting processed by all BeanPostProcessors (for example: not eligible for auto-proxying)
2019-01-15 17:13:34.534  INFO 7984 --- [main] trationDelegate$BeanPostProcessorChecker : Bean 'sqlSessionTemplate' of type [org.mybatis.spring.SqlSessionTemplate] is not eligible for getting processed by all BeanPostProcessors (for example: not eligible for auto-proxying)
2019-01-15 17:13:34.535  INFO 7984 --- [main] trationDelegate$BeanPostProcessorChecker : Bean 'sysMenuDao' of type [org.mybatis.spring.mapper.MapperFactoryBean] is not eligible for getting processed by all BeanPostProcessors (for example: not eligible for auto-proxying)
2019-01-15 17:13:34.537  INFO 7984 --- [main] trationDelegate$BeanPostProcessorChecker : Bean 'sysMenuDao' of type [com.sun.proxy.$Proxy77] is not eligible for getting processed by all BeanPostProcessors (for example: not eligible for auto-proxying)
2019-01-15 17:13:34.541  INFO 7984 --- [main] trationDelegate$BeanPostProcessorChecker : Bean 'sysUserDao' of type [org.mybatis.spring.mapper.MapperFactoryBean] is not eligible for getting processed by all BeanPostProcessors (for example: not eligible for auto-proxying)
2019-01-15 17:13:34.541  INFO 7984 --- [main] trationDelegate$BeanPostProcessorChecker : Bean 'sysUserDao' of type [com.sun.proxy.$Proxy78] is not eligible for getting processed by all BeanPostProcessors (for example: not eligible for auto-proxying)
2019-01-15 17:13:34.544  INFO 7984 --- [main] trationDelegate$BeanPostProcessorChecker : Bean 'sysUserTokenDao' of type [org.mybatis.spring.mapper.MapperFactoryBean] is not eligible for getting processed by all BeanPostProcessors (for example: not eligible for auto-proxying)
2019-01-15 17:13:34.545  INFO 7984 --- [main] trationDelegate$BeanPostProcessorChecker : Bean 'sysUserTokenDao' of type [com.sun.proxy.$Proxy79] is not eligible for getting processed by all BeanPostProcessors (for example: not eligible for auto-proxying)
2019-01-15 17:13:34.546  INFO 7984 --- [main] trationDelegate$BeanPostProcessorChecker : Bean 'shiroServiceImpl' of type [io.renren.modules.sys.service.impl.ShiroServiceImpl] is not eligible for getting processed by all BeanPostProcessors (for example: not eligible for auto-proxying)
2019-01-15 17:13:34.547  INFO 7984 --- [main] trationDelegate$BeanPostProcessorChecker : Bean 'OAuth2Realm' of type [io.renren.modules.sys.oauth2.OAuth2Realm] is not eligible for getting processed by all BeanPostProcessors (for example: not eligible for auto-proxying)
2019-01-15 17:13:34.568  INFO 7984 --- [main] trationDelegate$BeanPostProcessorChecker : Bean 'sessionManager' of type [org.apache.shiro.web.session.mgt.DefaultWebSessionManager] is not eligible for getting processed by all BeanPostProcessors (for example: not eligible for auto-proxying)
2019-01-15 17:13:34.594  INFO 7984 --- [main] trationDelegate$BeanPostProcessorChecker : Bean 'securityManager' of type [org.apache.shiro.web.mgt.DefaultWebSecurityManager] is not eligible for getting processed by all BeanPostProcessors (for example: not eligible for auto-proxying)
2019-01-15 17:13:34.655  INFO 7984 --- [main] trationDelegate$BeanPostProcessorChecker : Bean 'authorizationAttributeSourceAdvisor' of type [org.apache.shiro.spring.security.interceptor.AuthorizationAttributeSourceAdvisor] is not eligible for getting processed by all BeanPostProcessors (for example: not eligible for auto-proxying)
2019-01-15 17:13:34.708  INFO 7984 --- [main] trationDelegate$BeanPostProcessorChecker : Bean 'org.springframework.transaction.annotation.ProxyTransactionManagementConfiguration' of type [org.springframework.transaction.annotation.ProxyTransactionManagementConfiguration$$EnhancerBySpringCGLIB$$17f36ee5] is not eligible for getting processed by all BeanPostProcessors (for example: not eligible for auto-proxying)
2019-01-15 17:13:35.196  INFO 7984 --- [main] o.s.b.w.embedded.tomcat.TomcatWebServer  : Tomcat initialized with port(s): 8080 (http)
2019-01-15 17:13:35.218  INFO 7984 --- [main] o.apache.catalina.core.StandardService   : Starting service [Tomcat]
2019-01-15 17:13:35.218  INFO 7984 --- [main] org.apache.catalina.core.StandardEngine  : Starting Servlet Engine: Apache Tomcat/8.5.31
2019-01-15 17:13:35.222  INFO 7984 --- [localhost-startStop-1] o.a.catalina.core.AprLifecycleListener   : The APR based Apache Tomcat Native library which allows optimal performance in production environments was not found on the java.library.path: [E:\Program Files\Java\jdk1.8.0_172\bin;C:\Windows\Sun\Java\bin;C:\Windows\system32;C:\Windows;E:\apache-tomcat-8.5.32\lib;E:\apache-tomcat-8.5.32\bin;E:\apache-maven-3.5.4\bin;E:\Program Files\Java\jdk1.8.0_172\bin;C:\Program Files (x86)\Common Files\Oracle\Java\javapath;C:\Windows\system32;C:\Windows;C:\Windows\System32\Wbem;C:\Windows\System32\WindowsPowerShell\v1.0\;E:\Program Files\nodejs\;e:\Program Files\Git\cmd;E:\Go\bin;C:\msys64\mingw64\bin;C:\msys64\usr\bin;D:\go\code\bin;C:\Users\Administrator\AppData\Roaming\npm;C:\Users\Administrator\AppData\Local\GitHubDesktop\bin;.]
2019-01-15 17:13:35.352  INFO 7984 --- [localhost-startStop-1] o.a.c.c.C.[.[localhost].[/renren-fast]   : Initializing Spring embedded WebApplicationContext
2019-01-15 17:13:35.352  INFO 7984 --- [localhost-startStop-1] o.s.web.context.ContextLoader            : Root WebApplicationContext: initialization completed in 3987 ms
2019-01-15 17:13:35.674  INFO 7984 --- [localhost-startStop-1] o.s.b.w.servlet.FilterRegistrationBean   : Mapping filter: 'characterEncodingFilter' to: [/*]
2019-01-15 17:13:35.675  INFO 7984 --- [localhost-startStop-1] o.s.b.w.servlet.FilterRegistrationBean   : Mapping filter: 'hiddenHttpMethodFilter' to: [/*]
2019-01-15 17:13:35.675  INFO 7984 --- [localhost-startStop-1] o.s.b.w.servlet.FilterRegistrationBean   : Mapping filter: 'httpPutFormContentFilter' to: [/*]
2019-01-15 17:13:35.675  INFO 7984 --- [localhost-startStop-1] o.s.b.w.servlet.FilterRegistrationBean   : Mapping filter: 'requestContextFilter' to: [/*]
2019-01-15 17:13:35.676  INFO 7984 --- [localhost-startStop-1] o.s.b.w.servlet.FilterRegistrationBean   : Mapping filter: 'delegatingFilterProxy' to urls: [/*]
2019-01-15 17:13:35.676  INFO 7984 --- [localhost-startStop-1] o.s.b.w.servlet.FilterRegistrationBean   : Mapping filter: 'xssFilter' to urls: [/*]
2019-01-15 17:13:35.676  INFO 7984 --- [localhost-startStop-1] o.s.b.w.servlet.FilterRegistrationBean   : Mapping filter: 'webStatFilter' to urls: [/*]
2019-01-15 17:13:35.676  INFO 7984 --- [localhost-startStop-1] o.s.b.w.servlet.FilterRegistrationBean   : Mapping filter: 'shiroFilter' to: [/*]
2019-01-15 17:13:35.676  INFO 7984 --- [localhost-startStop-1] o.s.b.w.servlet.ServletRegistrationBean  : Servlet dispatcherServlet mapped to [/]
2019-01-15 17:13:35.677  INFO 7984 --- [localhost-startStop-1] o.s.b.w.servlet.ServletRegistrationBean  : Servlet statViewServlet mapped to [/druid/*]
2019-01-15 17:13:36.466  INFO 7984 --- [main] org.quartz.impl.StdSchedulerFactory      : Using default implementation for ThreadExecutor
2019-01-15 17:13:36.480  INFO 7984 --- [main] org.quartz.core.SchedulerSignalerImpl    : Initialized Scheduler Signaller of type: class org.quartz.core.SchedulerSignalerImpl
2019-01-15 17:13:36.480  INFO 7984 --- [main] org.quartz.core.QuartzScheduler          : Quartz Scheduler v.2.3.0 created.
2019-01-15 17:13:36.484  INFO 7984 --- [main] o.s.s.quartz.LocalDataSourceJobStore     : Using db table-based data access locking (synchronization).
2019-01-15 17:13:36.486  INFO 7984 --- [main] o.s.s.quartz.LocalDataSourceJobStore     : JobStoreCMT initialized.
2019-01-15 17:13:36.486  INFO 7984 --- [main] org.quartz.core.QuartzScheduler          : Scheduler meta-data: Quartz Scheduler (v2.3.0) 'RenrenScheduler' with instanceId 'SKY-20180909MAX1547543616468'
  Scheduler class: 'org.quartz.core.QuartzScheduler' - running locally.
  NOT STARTED.
  Currently in standby mode.
  Number of jobs executed: 0
  Using thread pool 'org.quartz.simpl.SimpleThreadPool' - with 20 threads.
  Using job-store 'org.springframework.scheduling.quartz.LocalDataSourceJobStore' - which supports persistence. and is clustered.

2019-01-15 17:13:36.487  INFO 7984 --- [main] org.quartz.impl.StdSchedulerFactory      : Quartz scheduler 'RenrenScheduler' initialized from an externally provided properties instance.
2019-01-15 17:13:36.487  INFO 7984 --- [main] org.quartz.impl.StdSchedulerFactory      : Quartz scheduler version: 2.3.0
2019-01-15 17:13:36.488  INFO 7984 --- [main] org.quartz.core.QuartzScheduler          : JobFactory set to: org.springframework.scheduling.quartz.AdaptableJobFactory@20801cbb
2019-01-15 17:13:36.546 DEBUG 7984 --- [main] i.r.m.job.dao.ScheduleJobDao.selectList  : ==>  Preparing: SELECT job_id AS jobId,bean_name AS beanName,method_name AS methodName,params,cron_expression AS cronExpression,`status`,remark,create_time AS createTime FROM schedule_job 
2019-01-15 17:13:36.571 DEBUG 7984 --- [main] i.r.m.job.dao.ScheduleJobDao.selectList  : ==> Parameters: 
2019-01-15 17:13:36.592 DEBUG 7984 --- [main] i.r.m.job.dao.ScheduleJobDao.selectList  : <==      Total: 2
2019-01-15 17:13:38.096  INFO 7984 --- [main] s.w.s.m.m.a.RequestMappingHandlerMapping : Mapped "{[/app/login],methods=[POST]}" onto public io.renren.common.utils.R io.renren.modules.app.controller.AppLoginController.login(io.renren.modules.app.form.LoginForm)
2019-01-15 17:13:38.097  INFO 7984 --- [main] s.w.s.m.m.a.RequestMappingHandlerMapping : Mapped "{[/app/register],methods=[POST]}" onto public io.renren.common.utils.R io.renren.modules.app.controller.AppRegisterController.register(io.renren.modules.app.form.RegisterForm)
2019-01-15 17:13:38.101  INFO 7984 --- [main] s.w.s.m.m.a.RequestMappingHandlerMapping : Mapped "{[/app/userId],methods=[GET]}" onto public io.renren.common.utils.R io.renren.modules.app.controller.AppTestController.userInfo(java.lang.Integer)
2019-01-15 17:13:38.102  INFO 7984 --- [main] s.w.s.m.m.a.RequestMappingHandlerMapping : Mapped "{[/app/userInfo],methods=[GET]}" onto public io.renren.common.utils.R io.renren.modules.app.controller.AppTestController.userInfo(io.renren.modules.app.entity.UserEntity)
2019-01-15 17:13:38.102  INFO 7984 --- [main] s.w.s.m.m.a.RequestMappingHandlerMapping : Mapped "{[/app/notToken],methods=[GET]}" onto public io.renren.common.utils.R io.renren.modules.app.controller.AppTestController.notToken()
2019-01-15 17:13:38.106  INFO 7984 --- [main] s.w.s.m.m.a.RequestMappingHandlerMapping : Mapped "{[/sys/schedule/run],methods=[POST]}" onto public io.renren.common.utils.R io.renren.modules.job.controller.ScheduleJobController.run(java.lang.Long[])
2019-01-15 17:13:38.106  INFO 7984 --- [main] s.w.s.m.m.a.RequestMappingHandlerMapping : Mapped "{[/sys/schedule/update],methods=[POST]}" onto public io.renren.common.utils.R io.renren.modules.job.controller.ScheduleJobController.update(io.renren.modules.job.entity.ScheduleJobEntity)
2019-01-15 17:13:38.107  INFO 7984 --- [main] s.w.s.m.m.a.RequestMappingHandlerMapping : Mapped "{[/sys/schedule/delete],methods=[POST]}" onto public io.renren.common.utils.R io.renren.modules.job.controller.ScheduleJobController.delete(java.lang.Long[])
2019-01-15 17:13:38.107  INFO 7984 --- [main] s.w.s.m.m.a.RequestMappingHandlerMapping : Mapped "{[/sys/schedule/resume],methods=[POST]}" onto public io.renren.common.utils.R io.renren.modules.job.controller.ScheduleJobController.resume(java.lang.Long[])
2019-01-15 17:13:38.107  INFO 7984 --- [main] s.w.s.m.m.a.RequestMappingHandlerMapping : Mapped "{[/sys/schedule/list],methods=[GET]}" onto public io.renren.common.utils.R io.renren.modules.job.controller.ScheduleJobController.list(java.util.Map<java.lang.String, java.lang.Object>)
2019-01-15 17:13:38.108  INFO 7984 --- [main] s.w.s.m.m.a.RequestMappingHandlerMapping : Mapped "{[/sys/schedule/save],methods=[POST]}" onto public io.renren.common.utils.R io.renren.modules.job.controller.ScheduleJobController.save(io.renren.modules.job.entity.ScheduleJobEntity)
2019-01-15 17:13:38.108  INFO 7984 --- [main] s.w.s.m.m.a.RequestMappingHandlerMapping : Mapped "{[/sys/schedule/info/{jobId}],methods=[GET]}" onto public io.renren.common.utils.R io.renren.modules.job.controller.ScheduleJobController.info(java.lang.Long)
2019-01-15 17:13:38.109  INFO 7984 --- [main] s.w.s.m.m.a.RequestMappingHandlerMapping : Mapped "{[/sys/schedule/pause],methods=[POST]}" onto public io.renren.common.utils.R io.renren.modules.job.controller.ScheduleJobController.pause(java.lang.Long[])
2019-01-15 17:13:38.110  INFO 7984 --- [main] s.w.s.m.m.a.RequestMappingHandlerMapping : Mapped "{[/sys/scheduleLog/list],methods=[GET]}" onto public io.renren.common.utils.R io.renren.modules.job.controller.ScheduleJobLogController.list(java.util.Map<java.lang.String, java.lang.Object>)
2019-01-15 17:13:38.110  INFO 7984 --- [main] s.w.s.m.m.a.RequestMappingHandlerMapping : Mapped "{[/sys/scheduleLog/info/{logId}],methods=[GET]}" onto public io.renren.common.utils.R io.renren.modules.job.controller.ScheduleJobLogController.info(java.lang.Long)
2019-01-15 17:13:38.113  INFO 7984 --- [main] s.w.s.m.m.a.RequestMappingHandlerMapping : Mapped "{[/sys/oss/delete],methods=[POST]}" onto public io.renren.common.utils.R io.renren.modules.oss.controller.SysOssController.delete(java.lang.Long[])
2019-01-15 17:13:38.113  INFO 7984 --- [main] s.w.s.m.m.a.RequestMappingHandlerMapping : Mapped "{[/sys/oss/list],methods=[GET]}" onto public io.renren.common.utils.R io.renren.modules.oss.controller.SysOssController.list(java.util.Map<java.lang.String, java.lang.Object>)
2019-01-15 17:13:38.114  INFO 7984 --- [main] s.w.s.m.m.a.RequestMappingHandlerMapping : Mapped "{[/sys/oss/config],methods=[GET]}" onto public io.renren.common.utils.R io.renren.modules.oss.controller.SysOssController.config()
2019-01-15 17:13:38.114  INFO 7984 --- [main] s.w.s.m.m.a.RequestMappingHandlerMapping : Mapped "{[/sys/oss/saveConfig],methods=[POST]}" onto public io.renren.common.utils.R io.renren.modules.oss.controller.SysOssController.saveConfig(io.renren.modules.oss.cloud.CloudStorageConfig)
2019-01-15 17:13:38.114  INFO 7984 --- [main] s.w.s.m.m.a.RequestMappingHandlerMapping : Mapped "{[/sys/oss/upload],methods=[POST]}" onto public io.renren.common.utils.R io.renren.modules.oss.controller.SysOssController.upload(org.springframework.web.multipart.MultipartFile) throws java.lang.Exception
2019-01-15 17:13:38.116  INFO 7984 --- [main] s.w.s.m.m.a.RequestMappingHandlerMapping : Mapped "{[/sys/config/update],methods=[POST]}" onto public io.renren.common.utils.R io.renren.modules.sys.controller.SysConfigController.update(io.renren.modules.sys.entity.SysConfigEntity)
2019-01-15 17:13:38.117  INFO 7984 --- [main] s.w.s.m.m.a.RequestMappingHandlerMapping : Mapped "{[/sys/config/delete],methods=[POST]}" onto public io.renren.common.utils.R io.renren.modules.sys.controller.SysConfigController.delete(java.lang.Long[])
2019-01-15 17:13:38.117  INFO 7984 --- [main] s.w.s.m.m.a.RequestMappingHandlerMapping : Mapped "{[/sys/config/list],methods=[GET]}" onto public io.renren.common.utils.R io.renren.modules.sys.controller.SysConfigController.list(java.util.Map<java.lang.String, java.lang.Object>)
2019-01-15 17:13:38.118  INFO 7984 --- [main] s.w.s.m.m.a.RequestMappingHandlerMapping : Mapped "{[/sys/config/save],methods=[POST]}" onto public io.renren.common.utils.R io.renren.modules.sys.controller.SysConfigController.save(io.renren.modules.sys.entity.SysConfigEntity)
2019-01-15 17:13:38.118  INFO 7984 --- [main] s.w.s.m.m.a.RequestMappingHandlerMapping : Mapped "{[/sys/config/info/{id}],methods=[GET]}" onto public io.renren.common.utils.R io.renren.modules.sys.controller.SysConfigController.info(java.lang.Long)
2019-01-15 17:13:38.119  INFO 7984 --- [main] s.w.s.m.m.a.RequestMappingHandlerMapping : Mapped "{[/sys/log/list],methods=[GET]}" onto public io.renren.common.utils.R io.renren.modules.sys.controller.SysLogController.list(java.util.Map<java.lang.String, java.lang.Object>)
2019-01-15 17:13:38.122  INFO 7984 --- [main] s.w.s.m.m.a.RequestMappingHandlerMapping : Mapped "{[/sys/login],methods=[POST]}" onto public java.util.Map<java.lang.String, java.lang.Object> io.renren.modules.sys.controller.SysLoginController.login(io.renren.modules.sys.form.SysLoginForm) throws java.io.IOException
2019-01-15 17:13:38.123  INFO 7984 --- [main] s.w.s.m.m.a.RequestMappingHandlerMapping : Mapped "{[/captcha.jpg],methods=[GET]}" onto public void io.renren.modules.sys.controller.SysLoginController.captcha(javax.servlet.http.HttpServletResponse,java.lang.String) throws javax.servlet.ServletException,java.io.IOException
2019-01-15 17:13:38.123  INFO 7984 --- [main] s.w.s.m.m.a.RequestMappingHandlerMapping : Mapped "{[/sys/logout],methods=[POST]}" onto public io.renren.common.utils.R io.renren.modules.sys.controller.SysLoginController.logout()
2019-01-15 17:13:38.127  INFO 7984 --- [main] s.w.s.m.m.a.RequestMappingHandlerMapping : Mapped "{[/sys/menu/update],methods=[POST]}" onto public io.renren.common.utils.R io.renren.modules.sys.controller.SysMenuController.update(io.renren.modules.sys.entity.SysMenuEntity)
2019-01-15 17:13:38.127  INFO 7984 --- [main] s.w.s.m.m.a.RequestMappingHandlerMapping : Mapped "{[/sys/menu/delete/{menuId}],methods=[POST]}" onto public io.renren.common.utils.R io.renren.modules.sys.controller.SysMenuController.delete(long)
2019-01-15 17:13:38.127  INFO 7984 --- [main] s.w.s.m.m.a.RequestMappingHandlerMapping : Mapped "{[/sys/menu/list],methods=[GET]}" onto public java.util.List<io.renren.modules.sys.entity.SysMenuEntity> io.renren.modules.sys.controller.SysMenuController.list()
2019-01-15 17:13:38.128  INFO 7984 --- [main] s.w.s.m.m.a.RequestMappingHandlerMapping : Mapped "{[/sys/menu/save],methods=[POST]}" onto public io.renren.common.utils.R io.renren.modules.sys.controller.SysMenuController.save(io.renren.modules.sys.entity.SysMenuEntity)
2019-01-15 17:13:38.128  INFO 7984 --- [main] s.w.s.m.m.a.RequestMappingHandlerMapping : Mapped "{[/sys/menu/select],methods=[GET]}" onto public io.renren.common.utils.R io.renren.modules.sys.controller.SysMenuController.select()
2019-01-15 17:13:38.128  INFO 7984 --- [main] s.w.s.m.m.a.RequestMappingHandlerMapping : Mapped "{[/sys/menu/info/{menuId}],methods=[GET]}" onto public io.renren.common.utils.R io.renren.modules.sys.controller.SysMenuController.info(java.lang.Long)
2019-01-15 17:13:38.129  INFO 7984 --- [main] s.w.s.m.m.a.RequestMappingHandlerMapping : Mapped "{[/sys/menu/nav],methods=[GET]}" onto public io.renren.common.utils.R io.renren.modules.sys.controller.SysMenuController.nav()
2019-01-15 17:13:38.131  INFO 7984 --- [main] s.w.s.m.m.a.RequestMappingHandlerMapping : Mapped "{[/sys/role/update],methods=[POST]}" onto public io.renren.common.utils.R io.renren.modules.sys.controller.SysRoleController.update(io.renren.modules.sys.entity.SysRoleEntity)
2019-01-15 17:13:38.131  INFO 7984 --- [main] s.w.s.m.m.a.RequestMappingHandlerMapping : Mapped "{[/sys/role/delete],methods=[POST]}" onto public io.renren.common.utils.R io.renren.modules.sys.controller.SysRoleController.delete(java.lang.Long[])
2019-01-15 17:13:38.131  INFO 7984 --- [main] s.w.s.m.m.a.RequestMappingHandlerMapping : Mapped "{[/sys/role/list],methods=[GET]}" onto public io.renren.common.utils.R io.renren.modules.sys.controller.SysRoleController.list(java.util.Map<java.lang.String, java.lang.Object>)
2019-01-15 17:13:38.132  INFO 7984 --- [main] s.w.s.m.m.a.RequestMappingHandlerMapping : Mapped "{[/sys/role/save],methods=[POST]}" onto public io.renren.common.utils.R io.renren.modules.sys.controller.SysRoleController.save(io.renren.modules.sys.entity.SysRoleEntity)
2019-01-15 17:13:38.132  INFO 7984 --- [main] s.w.s.m.m.a.RequestMappingHandlerMapping : Mapped "{[/sys/role/select],methods=[GET]}" onto public io.renren.common.utils.R io.renren.modules.sys.controller.SysRoleController.select()
2019-01-15 17:13:38.132  INFO 7984 --- [main] s.w.s.m.m.a.RequestMappingHandlerMapping : Mapped "{[/sys/role/info/{roleId}],methods=[GET]}" onto public io.renren.common.utils.R io.renren.modules.sys.controller.SysRoleController.info(java.lang.Long)
2019-01-15 17:13:38.135  INFO 7984 --- [main] s.w.s.m.m.a.RequestMappingHandlerMapping : Mapped "{[/sys/user/update],methods=[POST]}" onto public io.renren.common.utils.R io.renren.modules.sys.controller.SysUserController.update(io.renren.modules.sys.entity.SysUserEntity)
2019-01-15 17:13:38.135  INFO 7984 --- [main] s.w.s.m.m.a.RequestMappingHandlerMapping : Mapped "{[/sys/user/delete],methods=[POST]}" onto public io.renren.common.utils.R io.renren.modules.sys.controller.SysUserController.delete(java.lang.Long[])
2019-01-15 17:13:38.135  INFO 7984 --- [main] s.w.s.m.m.a.RequestMappingHandlerMapping : Mapped "{[/sys/user/list],methods=[GET]}" onto public io.renren.common.utils.R io.renren.modules.sys.controller.SysUserController.list(java.util.Map<java.lang.String, java.lang.Object>)
2019-01-15 17:13:38.136  INFO 7984 --- [main] s.w.s.m.m.a.RequestMappingHandlerMapping : Mapped "{[/sys/user/save],methods=[POST]}" onto public io.renren.common.utils.R io.renren.modules.sys.controller.SysUserController.save(io.renren.modules.sys.entity.SysUserEntity)
2019-01-15 17:13:38.136  INFO 7984 --- [main] s.w.s.m.m.a.RequestMappingHandlerMapping : Mapped "{[/sys/user/password],methods=[POST]}" onto public io.renren.common.utils.R io.renren.modules.sys.controller.SysUserController.password(io.renren.modules.sys.form.PasswordForm)
2019-01-15 17:13:38.136  INFO 7984 --- [main] s.w.s.m.m.a.RequestMappingHandlerMapping : Mapped "{[/sys/user/info],methods=[GET]}" onto public io.renren.common.utils.R io.renren.modules.sys.controller.SysUserController.info()
2019-01-15 17:13:38.137  INFO 7984 --- [main] s.w.s.m.m.a.RequestMappingHandlerMapping : Mapped "{[/sys/user/info/{userId}],methods=[GET]}" onto public io.renren.common.utils.R io.renren.modules.sys.controller.SysUserController.info(java.lang.Long)
2019-01-15 17:13:38.142  INFO 7984 --- [main] s.w.s.m.m.a.RequestMappingHandlerMapping : Mapped "{[/swagger-resources]}" onto public org.springframework.http.ResponseEntity<java.util.List<springfox.documentation.swagger.web.SwaggerResource>> springfox.documentation.swagger.web.ApiResourceController.swaggerResources()
2019-01-15 17:13:38.143  INFO 7984 --- [main] s.w.s.m.m.a.RequestMappingHandlerMapping : Mapped "{[/swagger-resources/configuration/ui]}" onto public org.springframework.http.ResponseEntity<springfox.documentation.swagger.web.UiConfiguration> springfox.documentation.swagger.web.ApiResourceController.uiConfiguration()
2019-01-15 17:13:38.143  INFO 7984 --- [main] s.w.s.m.m.a.RequestMappingHandlerMapping : Mapped "{[/swagger-resources/configuration/security]}" onto public org.springframework.http.ResponseEntity<springfox.documentation.swagger.web.SecurityConfiguration> springfox.documentation.swagger.web.ApiResourceController.securityConfiguration()
2019-01-15 17:13:38.147  INFO 7984 --- [main] s.w.s.m.m.a.RequestMappingHandlerMapping : Mapped "{[/error]}" onto public org.springframework.http.ResponseEntity<java.util.Map<java.lang.String, java.lang.Object>> org.springframework.boot.autoconfigure.web.servlet.error.BasicErrorController.error(javax.servlet.http.HttpServletRequest)
2019-01-15 17:13:38.147  INFO 7984 --- [main] s.w.s.m.m.a.RequestMappingHandlerMapping : Mapped "{[/error],produces=[text/html]}" onto public org.springframework.web.servlet.ModelAndView org.springframework.boot.autoconfigure.web.servlet.error.BasicErrorController.errorHtml(javax.servlet.http.HttpServletRequest,javax.servlet.http.HttpServletResponse)
2019-01-15 17:13:38.394  INFO 7984 --- [main] pertySourcedRequestMappingHandlerMapping : Mapped URL path [/v2/api-docs] onto method [public org.springframework.http.ResponseEntity<springfox.documentation.spring.web.json.Json> springfox.documentation.swagger2.web.Swagger2Controller.getDocumentation(java.lang.String,javax.servlet.http.HttpServletRequest)]
2019-01-15 17:13:38.583  INFO 7984 --- [main] o.s.w.s.handler.SimpleUrlHandlerMapping  : Mapped URL path [/**/favicon.ico] onto handler of type [class org.springframework.web.servlet.resource.ResourceHttpRequestHandler]
2019-01-15 17:13:38.873  INFO 7984 --- [main] s.w.s.m.m.a.RequestMappingHandlerAdapter : Looking for @ControllerAdvice: org.springframework.boot.web.servlet.context.AnnotationConfigServletWebServerApplicationContext@732c2a62: startup date [Tue Jan 15 17:13:31 CST 2019]; root of context hierarchy
2019-01-15 17:13:38.958  INFO 7984 --- [main] o.s.w.s.handler.SimpleUrlHandlerMapping  : Mapped URL path [/swagger-ui.html] onto handler of type [class org.springframework.web.servlet.resource.ResourceHttpRequestHandler]
2019-01-15 17:13:38.958  INFO 7984 --- [main] o.s.w.s.handler.SimpleUrlHandlerMapping  : Mapped URL path [/webjars/**] onto handler of type [class org.springframework.web.servlet.resource.ResourceHttpRequestHandler]
2019-01-15 17:13:38.958  INFO 7984 --- [main] o.s.w.s.handler.SimpleUrlHandlerMapping  : Mapped URL path [/swagger/**] onto handler of type [class org.springframework.web.servlet.resource.ResourceHttpRequestHandler]
2019-01-15 17:13:38.990  INFO 7984 --- [main] .m.m.a.ExceptionHandlerExceptionResolver : Detected @ExceptionHandler methods in RRExceptionHandler
2019-01-15 17:13:39.676  INFO 7984 --- [main] o.s.j.e.a.AnnotationMBeanExporter        : Registering beans for JMX exposure on startup
2019-01-15 17:13:39.678  INFO 7984 --- [main] o.s.j.e.a.AnnotationMBeanExporter        : Bean with name 'firstDataSource' has been autodetected for JMX exposure
2019-01-15 17:13:39.678  INFO 7984 --- [main] o.s.j.e.a.AnnotationMBeanExporter        : Bean with name 'secondDataSource' has been autodetected for JMX exposure
2019-01-15 17:13:39.679  INFO 7984 --- [main] o.s.j.e.a.AnnotationMBeanExporter        : Bean with name 'statFilter' has been autodetected for JMX exposure
2019-01-15 17:13:39.687  INFO 7984 --- [main] o.s.j.e.a.AnnotationMBeanExporter        : Located MBean 'firstDataSource': registering with JMX server as MBean [com.alibaba.druid.spring.boot.autoconfigure:name=firstDataSource,type=DruidDataSourceWrapper]
2019-01-15 17:13:39.689  INFO 7984 --- [main] o.s.j.e.a.AnnotationMBeanExporter        : Located MBean 'secondDataSource': registering with JMX server as MBean [com.alibaba.druid.spring.boot.autoconfigure:name=secondDataSource,type=DruidDataSourceWrapper]
2019-01-15 17:13:39.690  INFO 7984 --- [main] o.s.j.e.a.AnnotationMBeanExporter        : Located MBean 'statFilter': registering with JMX server as MBean [com.alibaba.druid.filter.stat:name=statFilter,type=StatFilter]
2019-01-15 17:13:39.694  INFO 7984 --- [main] o.s.c.support.DefaultLifecycleProcessor  : Starting beans in phase 2147483647
2019-01-15 17:13:39.695  INFO 7984 --- [main] d.s.w.p.DocumentationPluginsBootstrapper : Context refreshed
2019-01-15 17:13:39.711  INFO 7984 --- [main] d.s.w.p.DocumentationPluginsBootstrapper : Found 1 custom documentation plugin(s)
2019-01-15 17:13:39.751  INFO 7984 --- [main] s.d.s.w.s.ApiListingReferenceScanner     : Scanning for api listing references
2019-01-15 17:13:40.233  INFO 7984 --- [main] .d.s.w.r.o.CachingOperationNameGenerator : Generating unique operation named: userInfoUsingGET_1
2019-01-15 17:13:40.244  INFO 7984 --- [main] o.s.s.quartz.SchedulerFactoryBean        : Will start Quartz Scheduler [RenrenScheduler] in 30 seconds
2019-01-15 17:13:40.282  INFO 7984 --- [main] o.s.b.w.embedded.tomcat.TomcatWebServer  : Tomcat started on port(s): 8080 (http) with context path '/renren-fast'
2019-01-15 17:13:40.286  INFO 7984 --- [main] io.renren.RenrenApplication              : Started RenrenApplication in 9.723 seconds (JVM running for 10.615)
2019-01-15 17:14:10.244  INFO 7984 --- [Quartz Scheduler [RenrenScheduler]] o.s.s.quartz.SchedulerFactoryBean        : Starting Quartz Scheduler now, after delay of 30 seconds
2019-01-15 17:14:10.257  INFO 7984 --- [Quartz Scheduler [RenrenScheduler]] o.s.s.quartz.LocalDataSourceJobStore     : ClusterManager: detected 1 failed or restarted instances.
2019-01-15 17:14:10.257  INFO 7984 --- [Quartz Scheduler [RenrenScheduler]] o.s.s.quartz.LocalDataSourceJobStore     : ClusterManager: Scanning for instance "SKY-20180909MAX1547543483293"'s failed in-progress jobs.
2019-01-15 17:14:10.319  INFO 7984 --- [Quartz Scheduler [RenrenScheduler]] org.quartz.core.QuartzScheduler          : Scheduler RenrenScheduler_$_SKY-20180909MAX1547543616468 started.
2019-01-15 17:14:10.333  INFO 7984 --- [QuartzScheduler_RenrenScheduler-SKY-20180909MAX1547543616468_MisfireHandler] o.s.s.quartz.LocalDataSourceJobStore     : Handling 1 trigger(s) that missed their scheduled fire-time.
2019-01-15 17:14:48.904  INFO 7984 --- [http-nio-8080-exec-1] o.a.c.c.C.[.[localhost].[/renren-fast]   : Initializing Spring FrameworkServlet 'dispatcherServlet'
2019-01-15 17:14:48.904  INFO 7984 --- [http-nio-8080-exec-1] o.s.web.servlet.DispatcherServlet        : FrameworkServlet 'dispatcherServlet': initialization started
2019-01-15 17:14:48.946  INFO 7984 --- [http-nio-8080-exec-1] o.s.web.servlet.DispatcherServlet        : FrameworkServlet 'dispatcherServlet': initialization completed in 41 ms
2019-01-15 17:14:48.971  INFO 7984 --- [http-nio-8080-exec-1] a.s.s.m.AbstractValidatingSessionManager : Enabling session validation scheduler...
2019-01-15 17:14:49.077 DEBUG 7984 --- [http-nio-8080-exec-2] i.r.m.s.d.SysUserTokenDao.queryByToken   : ==>  Preparing: select * from sys_user_token where token = ? 
2019-01-15 17:14:49.078 DEBUG 7984 --- [http-nio-8080-exec-2] i.r.m.s.d.SysUserTokenDao.queryByToken   : ==> Parameters: c3ee68e2b5a90f22c8c93db331450179(String)
2019-01-15 17:14:49.081 DEBUG 7984 --- [http-nio-8080-exec-2] i.r.m.s.d.SysUserTokenDao.queryByToken   : <==      Total: 1
2019-01-15 17:14:49.082 DEBUG 7984 --- [http-nio-8080-exec-2] i.r.m.sys.dao.SysUserDao.selectById      : ==>  Preparing: SELECT user_id AS userId,username,`password`,salt,email,mobile,`status`,create_user_id AS createUserId,create_time AS createTime FROM sys_user WHERE user_id=? 
2019-01-15 17:14:49.083 DEBUG 7984 --- [http-nio-8080-exec-2] i.r.m.sys.dao.SysUserDao.selectById      : ==> Parameters: 1(Long)
2019-01-15 17:14:49.088 DEBUG 7984 --- [http-nio-8080-exec-2] i.r.m.sys.dao.SysUserDao.selectById      : <==      Total: 1
2019-01-15 17:14:49.126 DEBUG 7984 --- [http-nio-8080-exec-2] i.r.m.s.d.SysMenuDao.queryListParentId   : ==>  Preparing: select * from sys_menu where parent_id = ? order by order_num asc 
2019-01-15 17:14:49.127 DEBUG 7984 --- [http-nio-8080-exec-2] i.r.m.s.d.SysMenuDao.queryListParentId   : ==> Parameters: 0(Long)
2019-01-15 17:14:49.130 DEBUG 7984 --- [http-nio-8080-exec-2] i.r.m.s.d.SysMenuDao.queryListParentId   : <==      Total: 1
2019-01-15 17:14:49.132 DEBUG 7984 --- [http-nio-8080-exec-2] i.r.m.s.d.SysMenuDao.queryListParentId   : ==>  Preparing: select * from sys_menu where parent_id = ? order by order_num asc 
2019-01-15 17:14:49.132 DEBUG 7984 --- [http-nio-8080-exec-2] i.r.m.s.d.SysMenuDao.queryListParentId   : ==> Parameters: 1(Long)
2019-01-15 17:14:49.136 DEBUG 7984 --- [http-nio-8080-exec-2] i.r.m.s.d.SysMenuDao.queryListParentId   : <==      Total: 8
2019-01-15 17:14:49.137 DEBUG 7984 --- [http-nio-8080-exec-2] i.r.m.sys.dao.SysMenuDao.selectList      : ==>  Preparing: SELECT menu_id AS menuId,parent_id AS parentId,`name`,url,perms,`type`,icon,order_num AS orderNum FROM sys_menu 
2019-01-15 17:14:49.137 DEBUG 7984 --- [http-nio-8080-exec-2] i.r.m.sys.dao.SysMenuDao.selectList      : ==> Parameters: 
2019-01-15 17:14:49.146 DEBUG 7984 --- [http-nio-8080-exec-2] i.r.m.sys.dao.SysMenuDao.selectList      : <==      Total: 29
2019-01-15 17:14:49.351 DEBUG 7984 --- [http-nio-8080-exec-4] i.r.m.s.d.SysUserTokenDao.queryByToken   : ==>  Preparing: select * from sys_user_token where token = ? 
2019-01-15 17:14:49.352 DEBUG 7984 --- [http-nio-8080-exec-4] i.r.m.s.d.SysUserTokenDao.queryByToken   : ==> Parameters: c3ee68e2b5a90f22c8c93db331450179(String)
2019-01-15 17:14:49.353 DEBUG 7984 --- [http-nio-8080-exec-4] i.r.m.s.d.SysUserTokenDao.queryByToken   : <==      Total: 1
2019-01-15 17:14:49.354 DEBUG 7984 --- [http-nio-8080-exec-4] i.r.m.sys.dao.SysUserDao.selectById      : ==>  Preparing: SELECT user_id AS userId,username,`password`,salt,email,mobile,`status`,create_user_id AS createUserId,create_time AS createTime FROM sys_user WHERE user_id=? 
2019-01-15 17:14:49.354 DEBUG 7984 --- [http-nio-8080-exec-4] i.r.m.sys.dao.SysUserDao.selectById      : ==> Parameters: 1(Long)
2019-01-15 17:14:49.356 DEBUG 7984 --- [http-nio-8080-exec-4] i.r.m.sys.dao.SysUserDao.selectById      : <==      Total: 1
2019-01-15 17:14:53.539 DEBUG 7984 --- [http-nio-8080-exec-6] i.r.m.s.d.SysUserTokenDao.queryByToken   : ==>  Preparing: select * from sys_user_token where token = ? 
2019-01-15 17:14:53.539 DEBUG 7984 --- [http-nio-8080-exec-6] i.r.m.s.d.SysUserTokenDao.queryByToken   : ==> Parameters: c3ee68e2b5a90f22c8c93db331450179(String)
2019-01-15 17:14:53.541 DEBUG 7984 --- [http-nio-8080-exec-6] i.r.m.s.d.SysUserTokenDao.queryByToken   : <==      Total: 1
2019-01-15 17:14:53.541 DEBUG 7984 --- [http-nio-8080-exec-6] i.r.m.sys.dao.SysUserDao.selectById      : ==>  Preparing: SELECT user_id AS userId,username,`password`,salt,email,mobile,`status`,create_user_id AS createUserId,create_time AS createTime FROM sys_user WHERE user_id=? 
2019-01-15 17:14:53.541 DEBUG 7984 --- [http-nio-8080-exec-6] i.r.m.sys.dao.SysUserDao.selectById      : ==> Parameters: 1(Long)
2019-01-15 17:14:53.543 DEBUG 7984 --- [http-nio-8080-exec-6] i.r.m.sys.dao.SysUserDao.selectById      : <==      Total: 1
2019-01-15 17:14:53.550 DEBUG 7984 --- [http-nio-8080-exec-6] i.r.m.sys.dao.SysMenuDao.selectList      : ==>  Preparing: SELECT menu_id AS menuId,parent_id AS parentId,`name`,url,perms,`type`,icon,order_num AS orderNum FROM sys_menu 
2019-01-15 17:14:53.550 DEBUG 7984 --- [http-nio-8080-exec-6] i.r.m.sys.dao.SysMenuDao.selectList      : ==> Parameters: 
2019-01-15 17:14:53.555 DEBUG 7984 --- [http-nio-8080-exec-6] i.r.m.sys.dao.SysMenuDao.selectList      : <==      Total: 29
2019-01-15 17:14:53.558 DEBUG 7984 --- [http-nio-8080-exec-6] i.r.m.sys.dao.SysMenuDao.selectList      : ==>  Preparing: SELECT menu_id AS menuId,parent_id AS parentId,`name`,url,perms,`type`,icon,order_num AS orderNum FROM sys_menu 
2019-01-15 17:14:53.559 DEBUG 7984 --- [http-nio-8080-exec-6] i.r.m.sys.dao.SysMenuDao.selectList      : ==> Parameters: 
2019-01-15 17:14:53.564 DEBUG 7984 --- [http-nio-8080-exec-6] i.r.m.sys.dao.SysMenuDao.selectList      : <==      Total: 29
2019-01-15 17:14:53.612 DEBUG 7984 --- [http-nio-8080-exec-6] i.r.m.sys.dao.SysUserDao.selectPage      : ==>  Preparing: SELECT COUNT(1) FROM sys_user 
2019-01-15 17:14:53.613 DEBUG 7984 --- [http-nio-8080-exec-6] i.r.m.sys.dao.SysUserDao.selectPage      : ==> Parameters: 
2019-01-15 17:14:53.888 DEBUG 7984 --- [http-nio-8080-exec-6] i.r.m.sys.dao.SysUserDao.selectPage      : ==>  Preparing: SELECT user_id AS userId,username,`password`,salt,email,mobile,`status`,create_user_id AS createUserId,create_time AS createTime FROM sys_user LIMIT 0,10 
2019-01-15 17:14:53.889 DEBUG 7984 --- [http-nio-8080-exec-6] i.r.m.sys.dao.SysUserDao.selectPage      : ==> Parameters: 
2019-01-15 17:14:53.890 DEBUG 7984 --- [http-nio-8080-exec-6] i.r.m.sys.dao.SysUserDao.selectPage      : <==      Total: 1
